{"contracts/Auth/Ensoul_Controller.sol":{"l":{"13":253,"19":74,"20":69,"26":97,"27":71,"29":26,"30":28,"31":11,"33":15,"35":2,"38":0,"45":10,"46":10,"51":23,"52":23,"57":6,"58":5,"59":5,"65":13,"66":12,"71":28,"72":26,"73":24,"78":15,"79":14,"80":14},"path":"/root/git/ensoul-sbt-contarct/contracts/Auth/Ensoul_Controller.sol","s":{"1":253,"2":74,"3":97,"4":71,"5":26,"6":28,"7":11,"8":17,"9":15,"10":2,"11":0,"12":10,"13":10,"14":23,"15":23,"16":6,"17":5,"18":5,"19":13,"20":12,"21":28,"22":26,"23":24,"24":15,"25":14,"26":14},"b":{"1":[69,5],"2":[71,26],"3":[11,17],"4":[15,2],"5":[5,1],"6":[26,2],"7":[14,1]},"f":{"1":253,"2":74,"3":97,"4":10,"5":23,"6":6,"7":13,"8":28,"9":15},"fnMap":{"1":{"name":"constructor","line":12,"loc":{"start":{"line":12,"column":4},"end":{"line":14,"column":4}}},"2":{"name":"onlyOrgAmin","line":18,"loc":{"start":{"line":18,"column":4},"end":{"line":21,"column":4}}},"3":{"name":"isAllow","line":25,"loc":{"start":{"line":25,"column":4},"end":{"line":40,"column":4}}},"4":{"name":"addOrgAdmin","line":44,"loc":{"start":{"line":44,"column":4},"end":{"line":47,"column":4}}},"5":{"name":"allow","line":50,"loc":{"start":{"line":50,"column":4},"end":{"line":53,"column":4}}},"6":{"name":"allowBatch","line":56,"loc":{"start":{"line":56,"column":4},"end":{"line":61,"column":4}}},"7":{"name":"revokeOrgAdmin","line":64,"loc":{"start":{"line":64,"column":4},"end":{"line":67,"column":4}}},"8":{"name":"revokeAllow","line":70,"loc":{"start":{"line":70,"column":4},"end":{"line":74,"column":4}}},"9":{"name":"revokeAllowBatch","line":77,"loc":{"start":{"line":77,"column":4},"end":{"line":82,"column":4}}}},"statementMap":{"1":{"start":{"line":13,"column":8},"end":{"line":13,"column":32}},"2":{"start":{"line":19,"column":8},"end":{"line":19,"column":75}},"3":{"start":{"line":26,"column":8},"end":{"line":26,"column":863}},"4":{"start":{"line":27,"column":12},"end":{"line":27,"column":23}},"5":{"start":{"line":29,"column":12},"end":{"line":29,"column":967}},"6":{"start":{"line":30,"column":16},"end":{"line":30,"column":1016}},"7":{"start":{"line":31,"column":20},"end":{"line":31,"column":31}},"8":{"start":{"line":32,"column":23},"end":{"line":32,"column":1156}},"9":{"start":{"line":33,"column":20},"end":{"line":33,"column":32}},"10":{"start":{"line":35,"column":20},"end":{"line":35,"column":53}},"11":{"start":{"line":38,"column":12},"end":{"line":38,"column":24}},"12":{"start":{"line":45,"column":8},"end":{"line":45,"column":30}},"13":{"start":{"line":46,"column":8},"end":{"line":46,"column":40}},"14":{"start":{"line":51,"column":8},"end":{"line":51,"column":43}},"15":{"start":{"line":52,"column":8},"end":{"line":52,"column":45}},"16":{"start":{"line":57,"column":8},"end":{"line":57,"column":75}},"17":{"start":{"line":58,"column":8},"end":{"line":58,"column":2017}},"18":{"start":{"line":59,"column":12},"end":{"line":59,"column":43}},"19":{"start":{"line":65,"column":8},"end":{"line":65,"column":31}},"20":{"start":{"line":66,"column":8},"end":{"line":66,"column":43}},"21":{"start":{"line":71,"column":8},"end":{"line":71,"column":73}},"22":{"start":{"line":72,"column":8},"end":{"line":72,"column":41}},"23":{"start":{"line":73,"column":8},"end":{"line":73,"column":51}},"24":{"start":{"line":78,"column":8},"end":{"line":78,"column":75}},"25":{"start":{"line":79,"column":8},"end":{"line":79,"column":2765}},"26":{"start":{"line":80,"column":12},"end":{"line":80,"column":49}}},"branchMap":{"1":{"line":19,"type":"if","locations":[{"start":{"line":19,"column":8},"end":{"line":19,"column":8}},{"start":{"line":19,"column":8},"end":{"line":19,"column":8}}]},"2":{"line":26,"type":"if","locations":[{"start":{"line":26,"column":8},"end":{"line":26,"column":8}},{"start":{"line":26,"column":8},"end":{"line":26,"column":8}}]},"3":{"line":30,"type":"if","locations":[{"start":{"line":30,"column":16},"end":{"line":30,"column":16}},{"start":{"line":30,"column":16},"end":{"line":30,"column":16}}]},"4":{"line":32,"type":"if","locations":[{"start":{"line":32,"column":23},"end":{"line":32,"column":23}},{"start":{"line":32,"column":23},"end":{"line":32,"column":23}}]},"5":{"line":57,"type":"if","locations":[{"start":{"line":57,"column":8},"end":{"line":57,"column":8}},{"start":{"line":57,"column":8},"end":{"line":57,"column":8}}]},"6":{"line":71,"type":"if","locations":[{"start":{"line":71,"column":8},"end":{"line":71,"column":8}},{"start":{"line":71,"column":8},"end":{"line":71,"column":8}}]},"7":{"line":78,"type":"if","locations":[{"start":{"line":78,"column":8},"end":{"line":78,"column":8}},{"start":{"line":78,"column":8},"end":{"line":78,"column":8}}]}}},"contracts/Auth/Ensoul_SuperController.sol":{"l":{"11":253,"15":25,"16":22},"path":"/root/git/ensoul-sbt-contarct/contracts/Auth/Ensoul_SuperController.sol","s":{"1":253,"2":25},"b":{"1":[22,3]},"f":{"1":253,"2":25},"fnMap":{"1":{"name":"constructor","line":10,"loc":{"start":{"line":10,"column":4},"end":{"line":12,"column":4}}},"2":{"name":"onlySuperOwner","line":14,"loc":{"start":{"line":14,"column":4},"end":{"line":17,"column":4}}}},"statementMap":{"1":{"start":{"line":11,"column":8},"end":{"line":11,"column":42}},"2":{"start":{"line":15,"column":8},"end":{"line":15,"column":77}}},"branchMap":{"1":{"line":15,"type":"if","locations":[{"start":{"line":15,"column":8},"end":{"line":15,"column":8}},{"start":{"line":15,"column":8},"end":{"line":15,"column":8}}]}}},"contracts/Data/ContractMetadata.sol":{"l":{"10":3,"15":257},"path":"/root/git/ensoul-sbt-contarct/contracts/Data/ContractMetadata.sol","s":{"1":3,"2":257},"b":{},"f":{"1":3,"2":257},"fnMap":{"1":{"name":"contractURI","line":9,"loc":{"start":{"line":9,"column":4},"end":{"line":11,"column":4}}},"2":{"name":"_setContractURI","line":14,"loc":{"start":{"line":14,"column":4},"end":{"line":16,"column":4}}}},"statementMap":{"1":{"start":{"line":10,"column":8},"end":{"line":10,"column":27}},"2":{"start":{"line":15,"column":8},"end":{"line":15,"column":34}}},"branchMap":{}},"contracts/Ensoul_Factory_Upgradeable.sol":{"l":{"22":78,"23":78,"30":279,"31":273,"39":254,"51":253,"53":196,"54":196,"56":196,"61":29,"66":16},"path":"/root/git/ensoul-sbt-contarct/contracts/Ensoul_Factory_Upgradeable.sol","s":{"1":78,"2":78,"3":279,"4":254,"5":253,"6":196,"7":196,"8":196,"9":29,"10":16},"b":{"1":[273,6]},"f":{"1":3,"2":78,"3":279,"4":4,"5":254,"6":253,"7":29,"8":16},"fnMap":{"1":{"name":"constructor","line":19,"loc":{"start":{"line":19,"column":4},"end":{"line":19,"column":31}}},"2":{"name":"initialize","line":21,"loc":{"start":{"line":21,"column":4},"end":{"line":24,"column":4}}},"3":{"name":"onlyEnsoulAdmin","line":29,"loc":{"start":{"line":29,"column":4},"end":{"line":32,"column":4}}},"4":{"name":"_authorizeUpgrade","line":34,"loc":{"start":{"line":34,"column":4},"end":{"line":34,"column":80}}},"5":{"name":"implementationVersion","line":38,"loc":{"start":{"line":38,"column":4},"end":{"line":40,"column":4}}},"6":{"name":"newOrg","line":50,"loc":{"start":{"line":45,"column":4},"end":{"line":57,"column":4}}},"7":{"name":"getEnsoulAdmin","line":60,"loc":{"start":{"line":60,"column":4},"end":{"line":62,"column":4}}},"8":{"name":"setEnsoulAdmin","line":65,"loc":{"start":{"line":65,"column":4},"end":{"line":67,"column":4}}}},"statementMap":{"1":{"start":{"line":22,"column":8},"end":{"line":22,"column":31}},"2":{"start":{"line":23,"column":8},"end":{"line":23,"column":31}},"3":{"start":{"line":30,"column":8},"end":{"line":30,"column":65}},"4":{"start":{"line":39,"column":8},"end":{"line":39,"column":22}},"5":{"start":{"line":51,"column":8},"end":{"line":51,"column":114}},"6":{"start":{"line":53,"column":8},"end":{"line":53,"column":41}},"7":{"start":{"line":54,"column":8},"end":{"line":54,"column":28}},"8":{"start":{"line":56,"column":8},"end":{"line":56,"column":42}},"9":{"start":{"line":61,"column":8},"end":{"line":61,"column":26}},"10":{"start":{"line":66,"column":8},"end":{"line":66,"column":33}}},"branchMap":{"1":{"line":30,"type":"if","locations":[{"start":{"line":30,"column":8},"end":{"line":30,"column":8}},{"start":{"line":30,"column":8},"end":{"line":30,"column":8}}]}}},"contracts/Ensoul.sol":{"l":{"43":253,"44":253,"45":253,"58":92,"67":90,"75":1,"83":1,"93":10,"107":6,"108":5,"109":4,"125":4,"126":3,"127":3,"128":3,"141":6,"142":5,"143":4,"149":4,"150":3,"151":3,"159":4,"167":42,"168":80,"173":1,"177":1,"178":1,"179":2,"181":1,"187":8,"191":14,"195":4,"199":4},"path":"/root/git/ensoul-sbt-contarct/contracts/Ensoul.sol","s":{"1":253,"2":253,"3":253,"4":92,"5":90,"6":1,"7":1,"8":10,"9":6,"10":5,"11":4,"12":4,"13":3,"14":3,"15":3,"16":6,"17":5,"18":4,"19":4,"20":3,"21":3,"22":4,"23":42,"24":80,"25":1,"26":1,"27":1,"28":2,"29":1,"30":8,"31":14,"32":4,"33":4},"b":{"1":[5,1],"2":[4,1],"3":[3,1],"4":[5,1],"5":[4,1],"6":[3,1]},"f":{"1":253,"2":92,"3":90,"4":1,"5":1,"6":10,"7":6,"8":6,"9":4,"10":42,"11":1,"12":1,"13":8,"14":14,"15":4,"16":4},"fnMap":{"1":{"name":"constructor","line":42,"loc":{"start":{"line":35,"column":4},"end":{"line":46,"column":4}}},"2":{"name":"_beforeTokenTransfer","line":50,"loc":{"start":{"line":50,"column":4},"end":{"line":59,"column":4}}},"3":{"name":"_mint","line":61,"loc":{"start":{"line":61,"column":4},"end":{"line":68,"column":4}}},"4":{"name":"_burn","line":70,"loc":{"start":{"line":70,"column":4},"end":{"line":76,"column":4}}},"5":{"name":"_burnBatch","line":78,"loc":{"start":{"line":78,"column":4},"end":{"line":84,"column":4}}},"6":{"name":"usedSignature","line":88,"loc":{"start":{"line":88,"column":4},"end":{"line":94,"column":4}}},"7":{"name":"mintToBatchAddressBySignature","line":98,"loc":{"start":{"line":98,"column":4},"end":{"line":130,"column":4}}},"8":{"name":"mintBySignature","line":132,"loc":{"start":{"line":132,"column":4},"end":{"line":152,"column":4}}},"9":{"name":"mint","line":158,"loc":{"start":{"line":154,"column":4},"end":{"line":160,"column":4}}},"10":{"name":"mintToBatchAddress","line":166,"loc":{"start":{"line":162,"column":4},"end":{"line":170,"column":4}}},"11":{"name":"burn","line":172,"loc":{"start":{"line":172,"column":4},"end":{"line":174,"column":4}}},"12":{"name":"burnBatch","line":176,"loc":{"start":{"line":176,"column":4},"end":{"line":182,"column":4}}},"13":{"name":"pause","line":186,"loc":{"start":{"line":186,"column":4},"end":{"line":188,"column":4}}},"14":{"name":"unpause","line":190,"loc":{"start":{"line":190,"column":4},"end":{"line":192,"column":4}}},"15":{"name":"setURI","line":194,"loc":{"start":{"line":194,"column":4},"end":{"line":196,"column":4}}},"16":{"name":"setContractURI","line":198,"loc":{"start":{"line":198,"column":4},"end":{"line":200,"column":4}}}},"statementMap":{"1":{"start":{"line":43,"column":8},"end":{"line":43,"column":36}},"2":{"start":{"line":44,"column":8},"end":{"line":44,"column":25}},"3":{"start":{"line":45,"column":8},"end":{"line":45,"column":19}},"4":{"start":{"line":58,"column":8},"end":{"line":58,"column":73}},"5":{"start":{"line":67,"column":8},"end":{"line":67,"column":45}},"6":{"start":{"line":75,"column":8},"end":{"line":75,"column":39}},"7":{"start":{"line":83,"column":8},"end":{"line":83,"column":46}},"8":{"start":{"line":93,"column":8},"end":{"line":93,"column":64}},"9":{"start":{"line":107,"column":8},"end":{"line":107,"column":62}},"10":{"start":{"line":108,"column":8},"end":{"line":108,"column":61}},"11":{"start":{"line":109,"column":8},"end":{"line":109,"column":3198}},"12":{"start":{"line":125,"column":8},"end":{"line":125,"column":69}},"13":{"start":{"line":126,"column":8},"end":{"line":126,"column":63}},"14":{"start":{"line":127,"column":8},"end":{"line":127,"column":3791}},"15":{"start":{"line":128,"column":12},"end":{"line":128,"column":48}},"16":{"start":{"line":141,"column":8},"end":{"line":141,"column":62}},"17":{"start":{"line":142,"column":8},"end":{"line":142,"column":61}},"18":{"start":{"line":143,"column":8},"end":{"line":143,"column":4250}},"19":{"start":{"line":149,"column":8},"end":{"line":149,"column":69}},"20":{"start":{"line":150,"column":8},"end":{"line":150,"column":63}},"21":{"start":{"line":151,"column":8},"end":{"line":151,"column":37}},"22":{"start":{"line":159,"column":8},"end":{"line":159,"column":37}},"23":{"start":{"line":167,"column":8},"end":{"line":167,"column":4967}},"24":{"start":{"line":168,"column":12},"end":{"line":168,"column":48}},"25":{"start":{"line":173,"column":8},"end":{"line":173,"column":33}},"26":{"start":{"line":177,"column":8},"end":{"line":177,"column":59}},"27":{"start":{"line":178,"column":8},"end":{"line":178,"column":5308}},"28":{"start":{"line":179,"column":12},"end":{"line":179,"column":24}},"29":{"start":{"line":181,"column":8},"end":{"line":181,"column":42}},"30":{"start":{"line":187,"column":8},"end":{"line":187,"column":21}},"31":{"start":{"line":191,"column":8},"end":{"line":191,"column":23}},"32":{"start":{"line":195,"column":8},"end":{"line":195,"column":28}},"33":{"start":{"line":199,"column":8},"end":{"line":199,"column":36}}},"branchMap":{"1":{"line":107,"type":"if","locations":[{"start":{"line":107,"column":8},"end":{"line":107,"column":8}},{"start":{"line":107,"column":8},"end":{"line":107,"column":8}}]},"2":{"line":108,"type":"if","locations":[{"start":{"line":108,"column":8},"end":{"line":108,"column":8}},{"start":{"line":108,"column":8},"end":{"line":108,"column":8}}]},"3":{"line":125,"type":"if","locations":[{"start":{"line":125,"column":8},"end":{"line":125,"column":8}},{"start":{"line":125,"column":8},"end":{"line":125,"column":8}}]},"4":{"line":141,"type":"if","locations":[{"start":{"line":141,"column":8},"end":{"line":141,"column":8}},{"start":{"line":141,"column":8},"end":{"line":141,"column":8}}]},"5":{"line":142,"type":"if","locations":[{"start":{"line":142,"column":8},"end":{"line":142,"column":8}},{"start":{"line":142,"column":8},"end":{"line":142,"column":8}}]},"6":{"line":149,"type":"if","locations":[{"start":{"line":149,"column":8},"end":{"line":149,"column":8}},{"start":{"line":149,"column":8},"end":{"line":149,"column":8}}]}}},"contracts/ERC1155/ERC1155.sol":{"l":{"35":253,"42":0,"59":2,"70":10,"71":10,"88":0,"90":0,"92":0,"93":0,"96":0,"103":1,"114":0,"127":1,"145":0,"251":257,"271":90,"273":90,"275":90,"277":89,"278":89,"280":89,"298":0,"299":0,"301":0,"303":0,"305":0,"306":0,"309":0,"311":0,"327":1,"329":1,"331":1,"333":1,"334":1,"335":1,"339":1,"354":1,"355":1,"357":1,"359":1,"361":1,"362":2,"363":2,"365":2,"366":2,"367":2,"372":1,"412":89,"413":0,"414":0,"415":0,"418":0,"420":0,"433":0,"434":0,"437":0,"438":0,"441":0,"443":0,"449":182,"450":182,"452":182},"path":"/root/git/ensoul-sbt-contarct/contracts/ERC1155/ERC1155.sol","s":{"1":253,"2":0,"3":2,"4":10,"5":10,"6":0,"7":0,"8":0,"9":0,"10":0,"11":1,"12":0,"13":1,"14":0,"15":257,"16":90,"17":90,"18":90,"19":89,"20":89,"21":89,"22":0,"23":0,"24":0,"25":0,"26":0,"27":0,"28":0,"29":0,"30":1,"31":1,"32":1,"33":1,"34":1,"35":1,"36":1,"37":1,"38":1,"39":1,"40":1,"41":2,"42":2,"43":2,"44":2,"45":1,"46":89,"47":0,"48":0,"49":0,"50":0,"51":0,"52":0,"53":0,"54":0,"55":0,"56":0,"57":0,"58":182,"59":182,"60":182},"b":{"1":[10,0],"2":[0,0],"3":[0,1],"4":[0,1],"5":[0,0],"6":[90,0],"7":[0,0],"8":[0,0],"9":[1,0],"10":[1,0],"11":[1,0],"12":[1,0],"13":[2,0],"14":[0,89],"15":[0,0],"16":[0,0],"17":[0,0]},"f":{"1":253,"2":0,"3":2,"4":10,"5":0,"6":1,"7":0,"8":1,"9":0,"10":257,"11":90,"12":0,"13":1,"14":1,"15":92,"16":89,"17":0,"18":182},"fnMap":{"1":{"name":"constructor","line":34,"loc":{"start":{"line":34,"column":4},"end":{"line":36,"column":4}}},"2":{"name":"supportsInterface","line":41,"loc":{"start":{"line":41,"column":4},"end":{"line":46,"column":4}}},"3":{"name":"uri","line":58,"loc":{"start":{"line":58,"column":4},"end":{"line":60,"column":4}}},"4":{"name":"balanceOf","line":69,"loc":{"start":{"line":69,"column":4},"end":{"line":72,"column":4}}},"5":{"name":"balanceOfBatch","line":81,"loc":{"start":{"line":81,"column":4},"end":{"line":97,"column":4}}},"6":{"name":"setApprovalForAll","line":102,"loc":{"start":{"line":102,"column":4},"end":{"line":107,"column":4}}},"7":{"name":"isApprovedForAll","line":112,"loc":{"start":{"line":112,"column":4},"end":{"line":115,"column":4}}},"8":{"name":"safeTransferFrom","line":120,"loc":{"start":{"line":120,"column":4},"end":{"line":133,"column":4}}},"9":{"name":"safeBatchTransferFrom","line":138,"loc":{"start":{"line":138,"column":4},"end":{"line":151,"column":4}}},"10":{"name":"_setURI","line":250,"loc":{"start":{"line":250,"column":4},"end":{"line":252,"column":4}}},"11":{"name":"_mint","line":265,"loc":{"start":{"line":265,"column":4},"end":{"line":281,"column":4}}},"12":{"name":"_mintBatch","line":292,"loc":{"start":{"line":292,"column":4},"end":{"line":312,"column":4}}},"13":{"name":"_burn","line":322,"loc":{"start":{"line":322,"column":4},"end":{"line":340,"column":4}}},"14":{"name":"_burnBatch","line":349,"loc":{"start":{"line":349,"column":4},"end":{"line":373,"column":4}}},"15":{"name":"_beforeTokenTransfer","line":395,"loc":{"start":{"line":395,"column":4},"end":{"line":402,"column":24}}},"16":{"name":"_doSafeTransferAcceptanceCheck","line":404,"loc":{"start":{"line":404,"column":4},"end":{"line":423,"column":4}}},"17":{"name":"_doSafeBatchTransferAcceptanceCheck","line":425,"loc":{"start":{"line":425,"column":4},"end":{"line":446,"column":4}}},"18":{"name":"_asSingletonArray","line":448,"loc":{"start":{"line":448,"column":4},"end":{"line":453,"column":4}}}},"statementMap":{"1":{"start":{"line":35,"column":8},"end":{"line":35,"column":20}},"2":{"start":{"line":42,"column":8},"end":{"line":42,"column":1381}},"3":{"start":{"line":59,"column":8},"end":{"line":59,"column":19}},"4":{"start":{"line":70,"column":8},"end":{"line":70,"column":84}},"5":{"start":{"line":71,"column":8},"end":{"line":71,"column":37}},"6":{"start":{"line":88,"column":8},"end":{"line":88,"column":90}},"7":{"start":{"line":90,"column":8},"end":{"line":90,"column":71}},"8":{"start":{"line":92,"column":8},"end":{"line":92,"column":2908}},"9":{"start":{"line":93,"column":12},"end":{"line":93,"column":60}},"10":{"start":{"line":96,"column":8},"end":{"line":96,"column":28}},"11":{"start":{"line":103,"column":8},"end":{"line":103,"column":49}},"12":{"start":{"line":114,"column":8},"end":{"line":114,"column":20}},"13":{"start":{"line":127,"column":8},"end":{"line":127,"column":49}},"14":{"start":{"line":145,"column":8},"end":{"line":145,"column":49}},"15":{"start":{"line":251,"column":8},"end":{"line":251,"column":20}},"16":{"start":{"line":271,"column":8},"end":{"line":271,"column":74}},"17":{"start":{"line":273,"column":8},"end":{"line":273,"column":39}},"18":{"start":{"line":275,"column":8},"end":{"line":275,"column":114}},"19":{"start":{"line":277,"column":8},"end":{"line":277,"column":39}},"20":{"start":{"line":278,"column":8},"end":{"line":278,"column":70}},"21":{"start":{"line":280,"column":8},"end":{"line":280,"column":86}},"22":{"start":{"line":298,"column":8},"end":{"line":298,"column":69}},"23":{"start":{"line":299,"column":8},"end":{"line":299,"column":88}},"24":{"start":{"line":301,"column":8},"end":{"line":301,"column":39}},"25":{"start":{"line":303,"column":8},"end":{"line":303,"column":73}},"26":{"start":{"line":305,"column":8},"end":{"line":305,"column":10205}},"27":{"start":{"line":306,"column":12},"end":{"line":306,"column":46}},"28":{"start":{"line":309,"column":8},"end":{"line":309,"column":66}},"29":{"start":{"line":311,"column":8},"end":{"line":311,"column":88}},"30":{"start":{"line":327,"column":8},"end":{"line":327,"column":76}},"31":{"start":{"line":329,"column":8},"end":{"line":329,"column":39}},"32":{"start":{"line":331,"column":8},"end":{"line":331,"column":112}},"33":{"start":{"line":333,"column":8},"end":{"line":333,"column":55}},"34":{"start":{"line":334,"column":8},"end":{"line":334,"column":80}},"35":{"start":{"line":339,"column":8},"end":{"line":339,"column":70}},"36":{"start":{"line":354,"column":8},"end":{"line":354,"column":76}},"37":{"start":{"line":355,"column":8},"end":{"line":355,"column":88}},"38":{"start":{"line":357,"column":8},"end":{"line":357,"column":39}},"39":{"start":{"line":359,"column":8},"end":{"line":359,"column":76}},"40":{"start":{"line":361,"column":8},"end":{"line":361,"column":12008}},"41":{"start":{"line":362,"column":12},"end":{"line":362,"column":31}},"42":{"start":{"line":363,"column":12},"end":{"line":363,"column":39}},"43":{"start":{"line":365,"column":12},"end":{"line":365,"column":59}},"44":{"start":{"line":366,"column":12},"end":{"line":366,"column":84}},"45":{"start":{"line":372,"column":8},"end":{"line":372,"column":71}},"46":{"start":{"line":412,"column":8},"end":{"line":412,"column":13824}},"47":{"start":{"line":413,"column":12},"end":{"line":413,"column":13863}},"48":{"start":{"line":414,"column":16},"end":{"line":414,"column":13988}},"49":{"start":{"line":415,"column":20},"end":{"line":415,"column":69}},"50":{"start":{"line":418,"column":16},"end":{"line":418,"column":29}},"51":{"start":{"line":420,"column":16},"end":{"line":420,"column":77}},"52":{"start":{"line":433,"column":8},"end":{"line":433,"column":14580}},"53":{"start":{"line":434,"column":12},"end":{"line":434,"column":14619}},"54":{"start":{"line":437,"column":16},"end":{"line":437,"column":14781}},"55":{"start":{"line":438,"column":20},"end":{"line":438,"column":69}},"56":{"start":{"line":441,"column":16},"end":{"line":441,"column":29}},"57":{"start":{"line":443,"column":16},"end":{"line":443,"column":77}},"58":{"start":{"line":449,"column":8},"end":{"line":449,"column":49}},"59":{"start":{"line":450,"column":8},"end":{"line":450,"column":25}},"60":{"start":{"line":452,"column":8},"end":{"line":452,"column":20}}},"branchMap":{"1":{"line":70,"type":"if","locations":[{"start":{"line":70,"column":8},"end":{"line":70,"column":8}},{"start":{"line":70,"column":8},"end":{"line":70,"column":8}}]},"2":{"line":88,"type":"if","locations":[{"start":{"line":88,"column":8},"end":{"line":88,"column":8}},{"start":{"line":88,"column":8},"end":{"line":88,"column":8}}]},"3":{"line":103,"type":"if","locations":[{"start":{"line":103,"column":8},"end":{"line":103,"column":8}},{"start":{"line":103,"column":8},"end":{"line":103,"column":8}}]},"4":{"line":127,"type":"if","locations":[{"start":{"line":127,"column":8},"end":{"line":127,"column":8}},{"start":{"line":127,"column":8},"end":{"line":127,"column":8}}]},"5":{"line":145,"type":"if","locations":[{"start":{"line":145,"column":8},"end":{"line":145,"column":8}},{"start":{"line":145,"column":8},"end":{"line":145,"column":8}}]},"6":{"line":271,"type":"if","locations":[{"start":{"line":271,"column":8},"end":{"line":271,"column":8}},{"start":{"line":271,"column":8},"end":{"line":271,"column":8}}]},"7":{"line":298,"type":"if","locations":[{"start":{"line":298,"column":8},"end":{"line":298,"column":8}},{"start":{"line":298,"column":8},"end":{"line":298,"column":8}}]},"8":{"line":299,"type":"if","locations":[{"start":{"line":299,"column":8},"end":{"line":299,"column":8}},{"start":{"line":299,"column":8},"end":{"line":299,"column":8}}]},"9":{"line":327,"type":"if","locations":[{"start":{"line":327,"column":8},"end":{"line":327,"column":8}},{"start":{"line":327,"column":8},"end":{"line":327,"column":8}}]},"10":{"line":334,"type":"if","locations":[{"start":{"line":334,"column":8},"end":{"line":334,"column":8}},{"start":{"line":334,"column":8},"end":{"line":334,"column":8}}]},"11":{"line":354,"type":"if","locations":[{"start":{"line":354,"column":8},"end":{"line":354,"column":8}},{"start":{"line":354,"column":8},"end":{"line":354,"column":8}}]},"12":{"line":355,"type":"if","locations":[{"start":{"line":355,"column":8},"end":{"line":355,"column":8}},{"start":{"line":355,"column":8},"end":{"line":355,"column":8}}]},"13":{"line":366,"type":"if","locations":[{"start":{"line":366,"column":12},"end":{"line":366,"column":12}},{"start":{"line":366,"column":12},"end":{"line":366,"column":12}}]},"14":{"line":412,"type":"if","locations":[{"start":{"line":412,"column":8},"end":{"line":412,"column":8}},{"start":{"line":412,"column":8},"end":{"line":412,"column":8}}]},"15":{"line":414,"type":"if","locations":[{"start":{"line":414,"column":16},"end":{"line":414,"column":16}},{"start":{"line":414,"column":16},"end":{"line":414,"column":16}}]},"16":{"line":433,"type":"if","locations":[{"start":{"line":433,"column":8},"end":{"line":433,"column":8}},{"start":{"line":433,"column":8},"end":{"line":433,"column":8}}]},"17":{"line":437,"type":"if","locations":[{"start":{"line":437,"column":16},"end":{"line":437,"column":16}},{"start":{"line":437,"column":16},"end":{"line":437,"column":16}}]}}},"contracts/ERC1155/extensions/ERC1155Pausable.sol":{"l":{"33":92,"35":92},"path":"/root/git/ensoul-sbt-contarct/contracts/ERC1155/extensions/ERC1155Pausable.sol","s":{"1":92,"2":92},"b":{"1":[91,1]},"f":{"1":92},"fnMap":{"1":{"name":"_beforeTokenTransfer","line":25,"loc":{"start":{"line":25,"column":4},"end":{"line":36,"column":4}}}},"statementMap":{"1":{"start":{"line":33,"column":8},"end":{"line":33,"column":73}},"2":{"start":{"line":35,"column":8},"end":{"line":35,"column":73}}},"branchMap":{"1":{"line":35,"type":"if","locations":[{"start":{"line":35,"column":8},"end":{"line":35,"column":8}},{"start":{"line":35,"column":8},"end":{"line":35,"column":8}}]}}},"contracts/ERC1155/extensions/ERC1155Supply.sol":{"l":{"22":4,"29":2,"41":90,"42":89,"53":1,"54":1,"65":1,"66":1,"67":2},"path":"/root/git/ensoul-sbt-contarct/contracts/ERC1155/extensions/ERC1155Supply.sol","s":{"1":4,"2":2,"3":90,"4":89,"5":1,"6":1,"7":1,"8":1,"9":2},"b":{},"f":{"1":4,"2":2,"3":90,"4":1,"5":1},"fnMap":{"1":{"name":"totalSupply","line":21,"loc":{"start":{"line":21,"column":4},"end":{"line":23,"column":4}}},"2":{"name":"exists","line":28,"loc":{"start":{"line":28,"column":4},"end":{"line":30,"column":4}}},"3":{"name":"_mint","line":35,"loc":{"start":{"line":35,"column":4},"end":{"line":43,"column":4}}},"4":{"name":"_burn","line":48,"loc":{"start":{"line":48,"column":4},"end":{"line":55,"column":4}}},"5":{"name":"_burnBatch","line":60,"loc":{"start":{"line":60,"column":4},"end":{"line":69,"column":4}}}},"statementMap":{"1":{"start":{"line":22,"column":8},"end":{"line":22,"column":31}},"2":{"start":{"line":29,"column":8},"end":{"line":29,"column":48}},"3":{"start":{"line":41,"column":8},"end":{"line":41,"column":45}},"4":{"start":{"line":42,"column":8},"end":{"line":42,"column":33}},"5":{"start":{"line":53,"column":8},"end":{"line":53,"column":39}},"6":{"start":{"line":54,"column":8},"end":{"line":54,"column":33}},"7":{"start":{"line":65,"column":8},"end":{"line":65,"column":46}},"8":{"start":{"line":66,"column":8},"end":{"line":66,"column":1742}},"9":{"start":{"line":67,"column":12},"end":{"line":67,"column":45}}},"branchMap":{}},"contracts/ERC1155/extensions/IERC1155MetadataURI.sol":{"l":{},"path":"/root/git/ensoul-sbt-contarct/contracts/ERC1155/extensions/IERC1155MetadataURI.sol","s":{},"b":{},"f":{},"fnMap":{},"statementMap":{},"branchMap":{}},"contracts/ERC1155/IERC1155.sol":{"l":{},"path":"/root/git/ensoul-sbt-contarct/contracts/ERC1155/IERC1155.sol","s":{},"b":{},"f":{},"fnMap":{},"statementMap":{},"branchMap":{}},"contracts/ERC1155/IERC1155Receiver.sol":{"l":{},"path":"/root/git/ensoul-sbt-contarct/contracts/ERC1155/IERC1155Receiver.sol","s":{},"b":{},"f":{},"fnMap":{},"statementMap":{},"branchMap":{}},"contracts/interfaces/IEnsoul_Controller.sol":{"l":{},"path":"/root/git/ensoul-sbt-contarct/contracts/interfaces/IEnsoul_Controller.sol","s":{},"b":{},"f":{},"fnMap":{},"statementMap":{},"branchMap":{}},"contracts/interfaces/IEnsoul_Factory.sol":{"l":{},"path":"/root/git/ensoul-sbt-contarct/contracts/interfaces/IEnsoul_Factory.sol","s":{},"b":{},"f":{},"fnMap":{},"statementMap":{},"branchMap":{}},"contracts/interfaces/IEnsoul.sol":{"l":{},"path":"/root/git/ensoul-sbt-contarct/contracts/interfaces/IEnsoul.sol","s":{},"b":{},"f":{},"fnMap":{},"statementMap":{},"branchMap":{}}}